
*** Running vivado
    with args -log neuron.vds -m64 -product Vivado -mode batch -messageDb vivado.pb -notrace -source neuron.tcl



****** Vivado v2021.2 (64-bit)
  **** SW Build 3367213 on Tue Oct 19 02:48:09 MDT 2021
  **** IP Build 3369179 on Thu Oct 21 08:25:16 MDT 2021
    ** Copyright 1986-2021 Xilinx, Inc. All Rights Reserved.

source neuron.tcl -notrace
Command: read_checkpoint -auto_incremental -incremental E:/MTP2/project_8/project_8.srcs/utils_1/imports/synth_1/neuron.dcp
INFO: [Vivado 12-5825] Read reference checkpoint from E:/MTP2/project_8/project_8.srcs/utils_1/imports/synth_1/neuron.dcp for incremental synthesis
INFO: [Vivado 12-7989] Please ensure there are no constraint changes
Command: synth_design -top neuron -part xc7z020clg484-1
Starting synth_design
Attempting to get a license for feature 'Synthesis' and/or device 'xc7z020'
INFO: [Common 17-349] Got license for feature 'Synthesis' and/or device 'xc7z020'
INFO: [Device 21-403] Loading part xc7z020clg484-1
WARNING: [Designutils 20-4072] Reference run did not run incremental synthesis because the design is too small; reverting to default synthesis
INFO: [Designutils 20-4379] Flow is switching to default flow due to incremental criteria not met. If you would like to alter this behaviour and have the flow terminate instead, please set the following parameter config_implementation {autoIncr.Synth.RejectBehavior Terminate}
INFO: [Synth 8-7079] Multithreading enabled for synth_design using a maximum of 2 processes.
INFO: [Synth 8-7078] Launching helper process for spawning children vivado processes
INFO: [Synth 8-7075] Helper process launched with PID 15348
WARNING: [Synth 8-2507] parameter declaration becomes local in neuron with formal parameter declaration list [E:/MTP2/neuron/neuron.srcs/sources_1/new/neuron.v:39]
---------------------------------------------------------------------------------
Starting RTL Elaboration : Time (s): cpu = 00:00:03 ; elapsed = 00:00:03 . Memory (MB): peak = 1254.309 ; gain = 0.000
---------------------------------------------------------------------------------
INFO: [Synth 8-6157] synthesizing module 'neuron' [E:/MTP2/neuron/neuron.srcs/sources_1/new/neuron.v:24]
WARNING: [Synth 8-2898] ignoring malformed $readmem task [E:/MTP2/neuron/neuron.srcs/sources_1/new/neuron.v:87]
INFO: [Synth 8-6157] synthesizing module 'ReLU' [E:/MTP2/neuron/neuron.srcs/sources_1/imports/Tut-1/relu.v:1]
	Parameter dataWidth bound to: 16 - type: integer 
	Parameter weightIntWidth bound to: 1 - type: integer 
INFO: [Synth 8-6155] done synthesizing module 'ReLU' (1#1) [E:/MTP2/neuron/neuron.srcs/sources_1/imports/Tut-1/relu.v:1]
INFO: [Synth 8-6157] synthesizing module 'Weight_Memory' [E:/MTP2/neuron/neuron.srcs/sources_1/imports/Tut-1/Weight_Memory.v:23]
	Parameter numWeight bound to: 784 - type: integer 
	Parameter neuronNo bound to: 0 - type: integer 
	Parameter layerNo bound to: 0 - type: integer 
	Parameter addressWidth bound to: 10 - type: integer 
	Parameter dataWidth bound to: 16 - type: integer 
	Parameter weightFile bound to: (null) - type: string 
WARNING: [Synth 8-2898] ignoring malformed $readmem task [E:/MTP2/neuron/neuron.srcs/sources_1/imports/Tut-1/Weight_Memory.v:38]
WARNING: [Synth 8-4767] Trying to implement RAM ' ' in registers. Block RAM or DRAM implementation is not possible; see log for reasons.
	1: Unable to determine number of words or word size in RAM. 
	2: No valid read/write found for RAM. 
RAM dissolved into registers
WARNING: [Synth 8-3848] Net mem in module/entity Weight_Memory does not have driver. [E:/MTP2/neuron/neuron.srcs/sources_1/imports/Tut-1/Weight_Memory.v:33]
WARNING: [Synth 8-3848] Net mem in module/entity Weight_Memory does not have driver. [E:/MTP2/neuron/neuron.srcs/sources_1/imports/Tut-1/Weight_Memory.v:33]
WARNING: [Synth 8-3848] Net mem in module/entity Weight_Memory does not have driver. [E:/MTP2/neuron/neuron.srcs/sources_1/imports/Tut-1/Weight_Memory.v:33]
WARNING: [Synth 8-3848] Net mem in module/entity Weight_Memory does not have driver. [E:/MTP2/neuron/neuron.srcs/sources_1/imports/Tut-1/Weight_Memory.v:33]
WARNING: [Synth 8-3848] Net mem in module/entity Weight_Memory does not have driver. [E:/MTP2/neuron/neuron.srcs/sources_1/imports/Tut-1/Weight_Memory.v:33]
WARNING: [Synth 8-3848] Net mem in module/entity Weight_Memory does not have driver. [E:/MTP2/neuron/neuron.srcs/sources_1/imports/Tut-1/Weight_Memory.v:33]
WARNING: [Synth 8-3848] Net mem in module/entity Weight_Memory does not have driver. [E:/MTP2/neuron/neuron.srcs/sources_1/imports/Tut-1/Weight_Memory.v:33]
WARNING: [Synth 8-3848] Net mem in module/entity Weight_Memory does not have driver. [E:/MTP2/neuron/neuron.srcs/sources_1/imports/Tut-1/Weight_Memory.v:33]
WARNING: [Synth 8-3848] Net mem in module/entity Weight_Memory does not have driver. [E:/MTP2/neuron/neuron.srcs/sources_1/imports/Tut-1/Weight_Memory.v:33]
WARNING: [Synth 8-3848] Net mem in module/entity Weight_Memory does not have driver. [E:/MTP2/neuron/neuron.srcs/sources_1/imports/Tut-1/Weight_Memory.v:33]
WARNING: [Synth 8-3848] Net mem in module/entity Weight_Memory does not have driver. [E:/MTP2/neuron/neuron.srcs/sources_1/imports/Tut-1/Weight_Memory.v:33]
WARNING: [Synth 8-3848] Net mem in module/entity Weight_Memory does not have driver. [E:/MTP2/neuron/neuron.srcs/sources_1/imports/Tut-1/Weight_Memory.v:33]
WARNING: [Synth 8-3848] Net mem in module/entity Weight_Memory does not have driver. [E:/MTP2/neuron/neuron.srcs/sources_1/imports/Tut-1/Weight_Memory.v:33]
WARNING: [Synth 8-3848] Net mem in module/entity Weight_Memory does not have driver. [E:/MTP2/neuron/neuron.srcs/sources_1/imports/Tut-1/Weight_Memory.v:33]
WARNING: [Synth 8-3848] Net mem in module/entity Weight_Memory does not have driver. [E:/MTP2/neuron/neuron.srcs/sources_1/imports/Tut-1/Weight_Memory.v:33]
WARNING: [Synth 8-3848] Net mem in module/entity Weight_Memory does not have driver. [E:/MTP2/neuron/neuron.srcs/sources_1/imports/Tut-1/Weight_Memory.v:33]
WARNING: [Synth 8-3848] Net mem in module/entity Weight_Memory does not have driver. [E:/MTP2/neuron/neuron.srcs/sources_1/imports/Tut-1/Weight_Memory.v:33]
WARNING: [Synth 8-3848] Net mem in module/entity Weight_Memory does not have driver. [E:/MTP2/neuron/neuron.srcs/sources_1/imports/Tut-1/Weight_Memory.v:33]
WARNING: [Synth 8-3848] Net mem in module/entity Weight_Memory does not have driver. [E:/MTP2/neuron/neuron.srcs/sources_1/imports/Tut-1/Weight_Memory.v:33]
WARNING: [Synth 8-3848] Net mem in module/entity Weight_Memory does not have driver. [E:/MTP2/neuron/neuron.srcs/sources_1/imports/Tut-1/Weight_Memory.v:33]
WARNING: [Synth 8-3848] Net mem in module/entity Weight_Memory does not have driver. [E:/MTP2/neuron/neuron.srcs/sources_1/imports/Tut-1/Weight_Memory.v:33]
WARNING: [Synth 8-3848] Net mem in module/entity Weight_Memory does not have driver. [E:/MTP2/neuron/neuron.srcs/sources_1/imports/Tut-1/Weight_Memory.v:33]
WARNING: [Synth 8-3848] Net mem in module/entity Weight_Memory does not have driver. [E:/MTP2/neuron/neuron.srcs/sources_1/imports/Tut-1/Weight_Memory.v:33]
WARNING: [Synth 8-3848] Net mem in module/entity Weight_Memory does not have driver. [E:/MTP2/neuron/neuron.srcs/sources_1/imports/Tut-1/Weight_Memory.v:33]
WARNING: [Synth 8-3848] Net mem in module/entity Weight_Memory does not have driver. [E:/MTP2/neuron/neuron.srcs/sources_1/imports/Tut-1/Weight_Memory.v:33]
WARNING: [Synth 8-3848] Net mem in module/entity Weight_Memory does not have driver. [E:/MTP2/neuron/neuron.srcs/sources_1/imports/Tut-1/Weight_Memory.v:33]
WARNING: [Synth 8-3848] Net mem in module/entity Weight_Memory does not have driver. [E:/MTP2/neuron/neuron.srcs/sources_1/imports/Tut-1/Weight_Memory.v:33]
WARNING: [Synth 8-3848] Net mem in module/entity Weight_Memory does not have driver. [E:/MTP2/neuron/neuron.srcs/sources_1/imports/Tut-1/Weight_Memory.v:33]
WARNING: [Synth 8-3848] Net mem in module/entity Weight_Memory does not have driver. [E:/MTP2/neuron/neuron.srcs/sources_1/imports/Tut-1/Weight_Memory.v:33]
WARNING: [Synth 8-3848] Net mem in module/entity Weight_Memory does not have driver. [E:/MTP2/neuron/neuron.srcs/sources_1/imports/Tut-1/Weight_Memory.v:33]
WARNING: [Synth 8-3848] Net mem in module/entity Weight_Memory does not have driver. [E:/MTP2/neuron/neuron.srcs/sources_1/imports/Tut-1/Weight_Memory.v:33]
WARNING: [Synth 8-3848] Net mem in module/entity Weight_Memory does not have driver. [E:/MTP2/neuron/neuron.srcs/sources_1/imports/Tut-1/Weight_Memory.v:33]
WARNING: [Synth 8-3848] Net mem in module/entity Weight_Memory does not have driver. [E:/MTP2/neuron/neuron.srcs/sources_1/imports/Tut-1/Weight_Memory.v:33]
WARNING: [Synth 8-3848] Net mem in module/entity Weight_Memory does not have driver. [E:/MTP2/neuron/neuron.srcs/sources_1/imports/Tut-1/Weight_Memory.v:33]
WARNING: [Synth 8-3848] Net mem in module/entity Weight_Memory does not have driver. [E:/MTP2/neuron/neuron.srcs/sources_1/imports/Tut-1/Weight_Memory.v:33]
WARNING: [Synth 8-3848] Net mem in module/entity Weight_Memory does not have driver. [E:/MTP2/neuron/neuron.srcs/sources_1/imports/Tut-1/Weight_Memory.v:33]
WARNING: [Synth 8-3848] Net mem in module/entity Weight_Memory does not have driver. [E:/MTP2/neuron/neuron.srcs/sources_1/imports/Tut-1/Weight_Memory.v:33]
WARNING: [Synth 8-3848] Net mem in module/entity Weight_Memory does not have driver. [E:/MTP2/neuron/neuron.srcs/sources_1/imports/Tut-1/Weight_Memory.v:33]
WARNING: [Synth 8-3848] Net mem in module/entity Weight_Memory does not have driver. [E:/MTP2/neuron/neuron.srcs/sources_1/imports/Tut-1/Weight_Memory.v:33]
WARNING: [Synth 8-3848] Net mem in module/entity Weight_Memory does not have driver. [E:/MTP2/neuron/neuron.srcs/sources_1/imports/Tut-1/Weight_Memory.v:33]
WARNING: [Synth 8-3848] Net mem in module/entity Weight_Memory does not have driver. [E:/MTP2/neuron/neuron.srcs/sources_1/imports/Tut-1/Weight_Memory.v:33]
WARNING: [Synth 8-3848] Net mem in module/entity Weight_Memory does not have driver. [E:/MTP2/neuron/neuron.srcs/sources_1/imports/Tut-1/Weight_Memory.v:33]
WARNING: [Synth 8-3848] Net mem in module/entity Weight_Memory does not have driver. [E:/MTP2/neuron/neuron.srcs/sources_1/imports/Tut-1/Weight_Memory.v:33]
WARNING: [Synth 8-3848] Net mem in module/entity Weight_Memory does not have driver. [E:/MTP2/neuron/neuron.srcs/sources_1/imports/Tut-1/Weight_Memory.v:33]
WARNING: [Synth 8-3848] Net mem in module/entity Weight_Memory does not have driver. [E:/MTP2/neuron/neuron.srcs/sources_1/imports/Tut-1/Weight_Memory.v:33]
WARNING: [Synth 8-3848] Net mem in module/entity Weight_Memory does not have driver. [E:/MTP2/neuron/neuron.srcs/sources_1/imports/Tut-1/Weight_Memory.v:33]
WARNING: [Synth 8-3848] Net mem in module/entity Weight_Memory does not have driver. [E:/MTP2/neuron/neuron.srcs/sources_1/imports/Tut-1/Weight_Memory.v:33]
WARNING: [Synth 8-3848] Net mem in module/entity Weight_Memory does not have driver. [E:/MTP2/neuron/neuron.srcs/sources_1/imports/Tut-1/Weight_Memory.v:33]
WARNING: [Synth 8-3848] Net mem in module/entity Weight_Memory does not have driver. [E:/MTP2/neuron/neuron.srcs/sources_1/imports/Tut-1/Weight_Memory.v:33]
WARNING: [Synth 8-3848] Net mem in module/entity Weight_Memory does not have driver. [E:/MTP2/neuron/neuron.srcs/sources_1/imports/Tut-1/Weight_Memory.v:33]
WARNING: [Synth 8-3848] Net mem in module/entity Weight_Memory does not have driver. [E:/MTP2/neuron/neuron.srcs/sources_1/imports/Tut-1/Weight_Memory.v:33]
WARNING: [Synth 8-3848] Net mem in module/entity Weight_Memory does not have driver. [E:/MTP2/neuron/neuron.srcs/sources_1/imports/Tut-1/Weight_Memory.v:33]
WARNING: [Synth 8-3848] Net mem in module/entity Weight_Memory does not have driver. [E:/MTP2/neuron/neuron.srcs/sources_1/imports/Tut-1/Weight_Memory.v:33]
WARNING: [Synth 8-3848] Net mem in module/entity Weight_Memory does not have driver. [E:/MTP2/neuron/neuron.srcs/sources_1/imports/Tut-1/Weight_Memory.v:33]
WARNING: [Synth 8-3848] Net mem in module/entity Weight_Memory does not have driver. [E:/MTP2/neuron/neuron.srcs/sources_1/imports/Tut-1/Weight_Memory.v:33]
WARNING: [Synth 8-3848] Net mem in module/entity Weight_Memory does not have driver. [E:/MTP2/neuron/neuron.srcs/sources_1/imports/Tut-1/Weight_Memory.v:33]
WARNING: [Synth 8-3848] Net mem in module/entity Weight_Memory does not have driver. [E:/MTP2/neuron/neuron.srcs/sources_1/imports/Tut-1/Weight_Memory.v:33]
WARNING: [Synth 8-3848] Net mem in module/entity Weight_Memory does not have driver. [E:/MTP2/neuron/neuron.srcs/sources_1/imports/Tut-1/Weight_Memory.v:33]
WARNING: [Synth 8-3848] Net mem in module/entity Weight_Memory does not have driver. [E:/MTP2/neuron/neuron.srcs/sources_1/imports/Tut-1/Weight_Memory.v:33]
WARNING: [Synth 8-3848] Net mem in module/entity Weight_Memory does not have driver. [E:/MTP2/neuron/neuron.srcs/sources_1/imports/Tut-1/Weight_Memory.v:33]
WARNING: [Synth 8-3848] Net mem in module/entity Weight_Memory does not have driver. [E:/MTP2/neuron/neuron.srcs/sources_1/imports/Tut-1/Weight_Memory.v:33]
WARNING: [Synth 8-3848] Net mem in module/entity Weight_Memory does not have driver. [E:/MTP2/neuron/neuron.srcs/sources_1/imports/Tut-1/Weight_Memory.v:33]
WARNING: [Synth 8-3848] Net mem in module/entity Weight_Memory does not have driver. [E:/MTP2/neuron/neuron.srcs/sources_1/imports/Tut-1/Weight_Memory.v:33]
WARNING: [Synth 8-3848] Net mem in module/entity Weight_Memory does not have driver. [E:/MTP2/neuron/neuron.srcs/sources_1/imports/Tut-1/Weight_Memory.v:33]
WARNING: [Synth 8-3848] Net mem in module/entity Weight_Memory does not have driver. [E:/MTP2/neuron/neuron.srcs/sources_1/imports/Tut-1/Weight_Memory.v:33]
WARNING: [Synth 8-3848] Net mem in module/entity Weight_Memory does not have driver. [E:/MTP2/neuron/neuron.srcs/sources_1/imports/Tut-1/Weight_Memory.v:33]
WARNING: [Synth 8-3848] Net mem in module/entity Weight_Memory does not have driver. [E:/MTP2/neuron/neuron.srcs/sources_1/imports/Tut-1/Weight_Memory.v:33]
WARNING: [Synth 8-3848] Net mem in module/entity Weight_Memory does not have driver. [E:/MTP2/neuron/neuron.srcs/sources_1/imports/Tut-1/Weight_Memory.v:33]
WARNING: [Synth 8-3848] Net mem in module/entity Weight_Memory does not have driver. [E:/MTP2/neuron/neuron.srcs/sources_1/imports/Tut-1/Weight_Memory.v:33]
WARNING: [Synth 8-3848] Net mem in module/entity Weight_Memory does not have driver. [E:/MTP2/neuron/neuron.srcs/sources_1/imports/Tut-1/Weight_Memory.v:33]
WARNING: [Synth 8-3848] Net mem in module/entity Weight_Memory does not have driver. [E:/MTP2/neuron/neuron.srcs/sources_1/imports/Tut-1/Weight_Memory.v:33]
WARNING: [Synth 8-3848] Net mem in module/entity Weight_Memory does not have driver. [E:/MTP2/neuron/neuron.srcs/sources_1/imports/Tut-1/Weight_Memory.v:33]
WARNING: [Synth 8-3848] Net mem in module/entity Weight_Memory does not have driver. [E:/MTP2/neuron/neuron.srcs/sources_1/imports/Tut-1/Weight_Memory.v:33]
WARNING: [Synth 8-3848] Net mem in module/entity Weight_Memory does not have driver. [E:/MTP2/neuron/neuron.srcs/sources_1/imports/Tut-1/Weight_Memory.v:33]
WARNING: [Synth 8-3848] Net mem in module/entity Weight_Memory does not have driver. [E:/MTP2/neuron/neuron.srcs/sources_1/imports/Tut-1/Weight_Memory.v:33]
WARNING: [Synth 8-3848] Net mem in module/entity Weight_Memory does not have driver. [E:/MTP2/neuron/neuron.srcs/sources_1/imports/Tut-1/Weight_Memory.v:33]
WARNING: [Synth 8-3848] Net mem in module/entity Weight_Memory does not have driver. [E:/MTP2/neuron/neuron.srcs/sources_1/imports/Tut-1/Weight_Memory.v:33]
WARNING: [Synth 8-3848] Net mem in module/entity Weight_Memory does not have driver. [E:/MTP2/neuron/neuron.srcs/sources_1/imports/Tut-1/Weight_Memory.v:33]
WARNING: [Synth 8-3848] Net mem in module/entity Weight_Memory does not have driver. [E:/MTP2/neuron/neuron.srcs/sources_1/imports/Tut-1/Weight_Memory.v:33]
WARNING: [Synth 8-3848] Net mem in module/entity Weight_Memory does not have driver. [E:/MTP2/neuron/neuron.srcs/sources_1/imports/Tut-1/Weight_Memory.v:33]
WARNING: [Synth 8-3848] Net mem in module/entity Weight_Memory does not have driver. [E:/MTP2/neuron/neuron.srcs/sources_1/imports/Tut-1/Weight_Memory.v:33]
WARNING: [Synth 8-3848] Net mem in module/entity Weight_Memory does not have driver. [E:/MTP2/neuron/neuron.srcs/sources_1/imports/Tut-1/Weight_Memory.v:33]
WARNING: [Synth 8-3848] Net mem in module/entity Weight_Memory does not have driver. [E:/MTP2/neuron/neuron.srcs/sources_1/imports/Tut-1/Weight_Memory.v:33]
WARNING: [Synth 8-3848] Net mem in module/entity Weight_Memory does not have driver. [E:/MTP2/neuron/neuron.srcs/sources_1/imports/Tut-1/Weight_Memory.v:33]
WARNING: [Synth 8-3848] Net mem in module/entity Weight_Memory does not have driver. [E:/MTP2/neuron/neuron.srcs/sources_1/imports/Tut-1/Weight_Memory.v:33]
WARNING: [Synth 8-3848] Net mem in module/entity Weight_Memory does not have driver. [E:/MTP2/neuron/neuron.srcs/sources_1/imports/Tut-1/Weight_Memory.v:33]
WARNING: [Synth 8-3848] Net mem in module/entity Weight_Memory does not have driver. [E:/MTP2/neuron/neuron.srcs/sources_1/imports/Tut-1/Weight_Memory.v:33]
WARNING: [Synth 8-3848] Net mem in module/entity Weight_Memory does not have driver. [E:/MTP2/neuron/neuron.srcs/sources_1/imports/Tut-1/Weight_Memory.v:33]
WARNING: [Synth 8-3848] Net mem in module/entity Weight_Memory does not have driver. [E:/MTP2/neuron/neuron.srcs/sources_1/imports/Tut-1/Weight_Memory.v:33]
WARNING: [Synth 8-3848] Net mem in module/entity Weight_Memory does not have driver. [E:/MTP2/neuron/neuron.srcs/sources_1/imports/Tut-1/Weight_Memory.v:33]
WARNING: [Synth 8-3848] Net mem in module/entity Weight_Memory does not have driver. [E:/MTP2/neuron/neuron.srcs/sources_1/imports/Tut-1/Weight_Memory.v:33]
WARNING: [Synth 8-3848] Net mem in module/entity Weight_Memory does not have driver. [E:/MTP2/neuron/neuron.srcs/sources_1/imports/Tut-1/Weight_Memory.v:33]
WARNING: [Synth 8-3848] Net mem in module/entity Weight_Memory does not have driver. [E:/MTP2/neuron/neuron.srcs/sources_1/imports/Tut-1/Weight_Memory.v:33]
WARNING: [Synth 8-3848] Net mem in module/entity Weight_Memory does not have driver. [E:/MTP2/neuron/neuron.srcs/sources_1/imports/Tut-1/Weight_Memory.v:33]
WARNING: [Synth 8-3848] Net mem in module/entity Weight_Memory does not have driver. [E:/MTP2/neuron/neuron.srcs/sources_1/imports/Tut-1/Weight_Memory.v:33]
WARNING: [Synth 8-3848] Net mem in module/entity Weight_Memory does not have driver. [E:/MTP2/neuron/neuron.srcs/sources_1/imports/Tut-1/Weight_Memory.v:33]
WARNING: [Synth 8-3848] Net mem in module/entity Weight_Memory does not have driver. [E:/MTP2/neuron/neuron.srcs/sources_1/imports/Tut-1/Weight_Memory.v:33]
WARNING: [Synth 8-3848] Net mem in module/entity Weight_Memory does not have driver. [E:/MTP2/neuron/neuron.srcs/sources_1/imports/Tut-1/Weight_Memory.v:33]
WARNING: [Synth 8-3848] Net mem in module/entity Weight_Memory does not have driver. [E:/MTP2/neuron/neuron.srcs/sources_1/imports/Tut-1/Weight_Memory.v:33]
WARNING: [Synth 8-3848] Net mem in module/entity Weight_Memory does not have driver. [E:/MTP2/neuron/neuron.srcs/sources_1/imports/Tut-1/Weight_Memory.v:33]
INFO: [Common 17-14] Message 'Synth 8-3848' appears 100 times and further instances of the messages will be disabled. Use the Tcl command set_msg_config to change the current settings.
INFO: [Synth 8-6155] done synthesizing module 'Weight_Memory' (2#1) [E:/MTP2/neuron/neuron.srcs/sources_1/imports/Tut-1/Weight_Memory.v:23]
WARNING: [Synth 8-689] width (11) of port connection 'radd' does not match port width (10) of module 'Weight_Memory' [E:/MTP2/neuron/neuron.srcs/sources_1/new/neuron.v:172]
WARNING: [Synth 8-4767] Trying to implement RAM ' ' in registers. Block RAM or DRAM implementation is not possible; see log for reasons.
	1: Unable to determine number of words or word size in RAM. 
	2: No valid read/write found for RAM. 
RAM dissolved into registers
INFO: [Synth 8-6155] done synthesizing module 'neuron' (3#1) [E:/MTP2/neuron/neuron.srcs/sources_1/new/neuron.v:24]
WARNING: [Synth 8-7129] Port wen in module Weight_Memory is either unconnected or has no load
WARNING: [Synth 8-7129] Port wadd[9] in module Weight_Memory is either unconnected or has no load
WARNING: [Synth 8-7129] Port wadd[8] in module Weight_Memory is either unconnected or has no load
WARNING: [Synth 8-7129] Port wadd[7] in module Weight_Memory is either unconnected or has no load
WARNING: [Synth 8-7129] Port wadd[6] in module Weight_Memory is either unconnected or has no load
WARNING: [Synth 8-7129] Port wadd[5] in module Weight_Memory is either unconnected or has no load
WARNING: [Synth 8-7129] Port wadd[4] in module Weight_Memory is either unconnected or has no load
WARNING: [Synth 8-7129] Port wadd[3] in module Weight_Memory is either unconnected or has no load
WARNING: [Synth 8-7129] Port wadd[2] in module Weight_Memory is either unconnected or has no load
WARNING: [Synth 8-7129] Port wadd[1] in module Weight_Memory is either unconnected or has no load
WARNING: [Synth 8-7129] Port wadd[0] in module Weight_Memory is either unconnected or has no load
WARNING: [Synth 8-7129] Port win[15] in module Weight_Memory is either unconnected or has no load
WARNING: [Synth 8-7129] Port win[14] in module Weight_Memory is either unconnected or has no load
WARNING: [Synth 8-7129] Port win[13] in module Weight_Memory is either unconnected or has no load
WARNING: [Synth 8-7129] Port win[12] in module Weight_Memory is either unconnected or has no load
WARNING: [Synth 8-7129] Port win[11] in module Weight_Memory is either unconnected or has no load
WARNING: [Synth 8-7129] Port win[10] in module Weight_Memory is either unconnected or has no load
WARNING: [Synth 8-7129] Port win[9] in module Weight_Memory is either unconnected or has no load
WARNING: [Synth 8-7129] Port win[8] in module Weight_Memory is either unconnected or has no load
WARNING: [Synth 8-7129] Port win[7] in module Weight_Memory is either unconnected or has no load
WARNING: [Synth 8-7129] Port win[6] in module Weight_Memory is either unconnected or has no load
WARNING: [Synth 8-7129] Port win[5] in module Weight_Memory is either unconnected or has no load
WARNING: [Synth 8-7129] Port win[4] in module Weight_Memory is either unconnected or has no load
WARNING: [Synth 8-7129] Port win[3] in module Weight_Memory is either unconnected or has no load
WARNING: [Synth 8-7129] Port win[2] in module Weight_Memory is either unconnected or has no load
WARNING: [Synth 8-7129] Port win[1] in module Weight_Memory is either unconnected or has no load
WARNING: [Synth 8-7129] Port win[0] in module Weight_Memory is either unconnected or has no load
WARNING: [Synth 8-7129] Port biasValid in module neuron is either unconnected or has no load
WARNING: [Synth 8-7129] Port weightValue[31] in module neuron is either unconnected or has no load
WARNING: [Synth 8-7129] Port weightValue[30] in module neuron is either unconnected or has no load
WARNING: [Synth 8-7129] Port weightValue[29] in module neuron is either unconnected or has no load
WARNING: [Synth 8-7129] Port weightValue[28] in module neuron is either unconnected or has no load
WARNING: [Synth 8-7129] Port weightValue[27] in module neuron is either unconnected or has no load
WARNING: [Synth 8-7129] Port weightValue[26] in module neuron is either unconnected or has no load
WARNING: [Synth 8-7129] Port weightValue[25] in module neuron is either unconnected or has no load
WARNING: [Synth 8-7129] Port weightValue[24] in module neuron is either unconnected or has no load
WARNING: [Synth 8-7129] Port weightValue[23] in module neuron is either unconnected or has no load
WARNING: [Synth 8-7129] Port weightValue[22] in module neuron is either unconnected or has no load
WARNING: [Synth 8-7129] Port weightValue[21] in module neuron is either unconnected or has no load
WARNING: [Synth 8-7129] Port weightValue[20] in module neuron is either unconnected or has no load
WARNING: [Synth 8-7129] Port weightValue[19] in module neuron is either unconnected or has no load
WARNING: [Synth 8-7129] Port weightValue[18] in module neuron is either unconnected or has no load
WARNING: [Synth 8-7129] Port weightValue[17] in module neuron is either unconnected or has no load
WARNING: [Synth 8-7129] Port weightValue[16] in module neuron is either unconnected or has no load
WARNING: [Synth 8-7129] Port biasValue[31] in module neuron is either unconnected or has no load
WARNING: [Synth 8-7129] Port biasValue[30] in module neuron is either unconnected or has no load
WARNING: [Synth 8-7129] Port biasValue[29] in module neuron is either unconnected or has no load
WARNING: [Synth 8-7129] Port biasValue[28] in module neuron is either unconnected or has no load
WARNING: [Synth 8-7129] Port biasValue[27] in module neuron is either unconnected or has no load
WARNING: [Synth 8-7129] Port biasValue[26] in module neuron is either unconnected or has no load
WARNING: [Synth 8-7129] Port biasValue[25] in module neuron is either unconnected or has no load
WARNING: [Synth 8-7129] Port biasValue[24] in module neuron is either unconnected or has no load
WARNING: [Synth 8-7129] Port biasValue[23] in module neuron is either unconnected or has no load
WARNING: [Synth 8-7129] Port biasValue[22] in module neuron is either unconnected or has no load
WARNING: [Synth 8-7129] Port biasValue[21] in module neuron is either unconnected or has no load
WARNING: [Synth 8-7129] Port biasValue[20] in module neuron is either unconnected or has no load
WARNING: [Synth 8-7129] Port biasValue[19] in module neuron is either unconnected or has no load
WARNING: [Synth 8-7129] Port biasValue[18] in module neuron is either unconnected or has no load
WARNING: [Synth 8-7129] Port biasValue[17] in module neuron is either unconnected or has no load
WARNING: [Synth 8-7129] Port biasValue[16] in module neuron is either unconnected or has no load
WARNING: [Synth 8-7129] Port biasValue[15] in module neuron is either unconnected or has no load
WARNING: [Synth 8-7129] Port biasValue[14] in module neuron is either unconnected or has no load
WARNING: [Synth 8-7129] Port biasValue[13] in module neuron is either unconnected or has no load
WARNING: [Synth 8-7129] Port biasValue[12] in module neuron is either unconnected or has no load
WARNING: [Synth 8-7129] Port biasValue[11] in module neuron is either unconnected or has no load
WARNING: [Synth 8-7129] Port biasValue[10] in module neuron is either unconnected or has no load
WARNING: [Synth 8-7129] Port biasValue[9] in module neuron is either unconnected or has no load
WARNING: [Synth 8-7129] Port biasValue[8] in module neuron is either unconnected or has no load
WARNING: [Synth 8-7129] Port biasValue[7] in module neuron is either unconnected or has no load
WARNING: [Synth 8-7129] Port biasValue[6] in module neuron is either unconnected or has no load
WARNING: [Synth 8-7129] Port biasValue[5] in module neuron is either unconnected or has no load
WARNING: [Synth 8-7129] Port biasValue[4] in module neuron is either unconnected or has no load
WARNING: [Synth 8-7129] Port biasValue[3] in module neuron is either unconnected or has no load
WARNING: [Synth 8-7129] Port biasValue[2] in module neuron is either unconnected or has no load
WARNING: [Synth 8-7129] Port biasValue[1] in module neuron is either unconnected or has no load
WARNING: [Synth 8-7129] Port biasValue[0] in module neuron is either unconnected or has no load
---------------------------------------------------------------------------------
Finished RTL Elaboration : Time (s): cpu = 00:00:04 ; elapsed = 00:00:05 . Memory (MB): peak = 1254.309 ; gain = 0.000
---------------------------------------------------------------------------------
---------------------------------------------------------------------------------
Start Handling Custom Attributes
---------------------------------------------------------------------------------
---------------------------------------------------------------------------------
Finished Handling Custom Attributes : Time (s): cpu = 00:00:05 ; elapsed = 00:00:05 . Memory (MB): peak = 1254.309 ; gain = 0.000
---------------------------------------------------------------------------------
---------------------------------------------------------------------------------
Finished RTL Optimization Phase 1 : Time (s): cpu = 00:00:05 ; elapsed = 00:00:05 . Memory (MB): peak = 1254.309 ; gain = 0.000
---------------------------------------------------------------------------------
Netlist sorting complete. Time (s): cpu = 00:00:00 ; elapsed = 00:00:00.017 . Memory (MB): peak = 1254.309 ; gain = 0.000
INFO: [Project 1-570] Preparing netlist for logic optimization

Processing XDC Constraints
Initializing timing engine
Parsing XDC File [E:/MTP2/neuron/neuron.srcs/constrs_1/new/constraints.xdc]
Finished Parsing XDC File [E:/MTP2/neuron/neuron.srcs/constrs_1/new/constraints.xdc]
Completed Processing XDC Constraints

Netlist sorting complete. Time (s): cpu = 00:00:00 ; elapsed = 00:00:00 . Memory (MB): peak = 1254.309 ; gain = 0.000
INFO: [Project 1-111] Unisim Transformation Summary:
No Unisim elements were transformed.

Constraint Validation Runtime : Time (s): cpu = 00:00:00 ; elapsed = 00:00:00.007 . Memory (MB): peak = 1254.309 ; gain = 0.000
WARNING: [Designutils 20-4072] Reference run did not run incremental synthesis because the design is too small; reverting to default synthesis
INFO: [Designutils 20-4379] Flow is switching to default flow due to incremental criteria not met. If you would like to alter this behaviour and have the flow terminate instead, please set the following parameter config_implementation {autoIncr.Synth.RejectBehavior Terminate}
---------------------------------------------------------------------------------
Finished Constraint Validation : Time (s): cpu = 00:00:10 ; elapsed = 00:00:10 . Memory (MB): peak = 1254.309 ; gain = 0.000
---------------------------------------------------------------------------------
---------------------------------------------------------------------------------
Start Loading Part and Timing Information
---------------------------------------------------------------------------------
Loading part: xc7z020clg484-1
---------------------------------------------------------------------------------
Finished Loading Part and Timing Information : Time (s): cpu = 00:00:10 ; elapsed = 00:00:10 . Memory (MB): peak = 1254.309 ; gain = 0.000
---------------------------------------------------------------------------------
---------------------------------------------------------------------------------
Start Applying 'set_property' XDC Constraints
---------------------------------------------------------------------------------
---------------------------------------------------------------------------------
Finished applying 'set_property' XDC Constraints : Time (s): cpu = 00:00:10 ; elapsed = 00:00:10 . Memory (MB): peak = 1254.309 ; gain = 0.000
---------------------------------------------------------------------------------
---------------------------------------------------------------------------------
Finished RTL Optimization Phase 2 : Time (s): cpu = 00:00:10 ; elapsed = 00:00:10 . Memory (MB): peak = 1254.309 ; gain = 0.000
---------------------------------------------------------------------------------
---------------------------------------------------------------------------------
Start RTL Component Statistics 
---------------------------------------------------------------------------------
Detailed RTL Component Info : 
+---Adders : 
	   2 Input   32 Bit       Adders := 1     
	   2 Input   11 Bit       Adders := 1     
	   2 Input   10 Bit       Adders := 1     
+---Registers : 
	               32 Bit    Registers := 2     
	               16 Bit    Registers := 5     
	               11 Bit    Registers := 1     
	               10 Bit    Registers := 1     
	                1 Bit    Registers := 7     
+---Muxes : 
	   4 Input   32 Bit        Muxes := 1     
	   2 Input   32 Bit        Muxes := 5     
	   2 Input   16 Bit        Muxes := 1     
	   2 Input    1 Bit        Muxes := 1     
---------------------------------------------------------------------------------
Finished RTL Component Statistics 
---------------------------------------------------------------------------------
---------------------------------------------------------------------------------
Start Part Resource Summary
---------------------------------------------------------------------------------
Part Resources:
DSPs: 220 (col length:60)
BRAMs: 280 (col length: RAMB18 60 RAMB36 30)
---------------------------------------------------------------------------------
Finished Part Resource Summary
---------------------------------------------------------------------------------
---------------------------------------------------------------------------------
Start Cross Boundary and Area Optimization
---------------------------------------------------------------------------------
WARNING: [Synth 8-7080] Parallel synthesis criteria is not met
DSP Report: Generating DSP comboAdd, operation Mode is: C+(A2*B)'.
DSP Report: register myinputd_reg is absorbed into DSP comboAdd.
DSP Report: register mul_reg is absorbed into DSP comboAdd.
DSP Report: operator comboAdd is absorbed into DSP comboAdd.
DSP Report: operator mul0 is absorbed into DSP comboAdd.
DSP Report: Generating DSP mul_reg, operation Mode is: (A2*B)'.
DSP Report: register myinputd_reg is absorbed into DSP mul_reg.
DSP Report: register mul_reg is absorbed into DSP mul_reg.
DSP Report: operator mul0 is absorbed into DSP mul_reg.
WARNING: [Synth 8-7129] Port wen in module Weight_Memory is either unconnected or has no load
WARNING: [Synth 8-7129] Port wadd[9] in module Weight_Memory is either unconnected or has no load
WARNING: [Synth 8-7129] Port wadd[8] in module Weight_Memory is either unconnected or has no load
WARNING: [Synth 8-7129] Port wadd[7] in module Weight_Memory is either unconnected or has no load
WARNING: [Synth 8-7129] Port wadd[6] in module Weight_Memory is either unconnected or has no load
WARNING: [Synth 8-7129] Port wadd[5] in module Weight_Memory is either unconnected or has no load
WARNING: [Synth 8-7129] Port wadd[4] in module Weight_Memory is either unconnected or has no load
WARNING: [Synth 8-7129] Port wadd[3] in module Weight_Memory is either unconnected or has no load
WARNING: [Synth 8-7129] Port wadd[2] in module Weight_Memory is either unconnected or has no load
WARNING: [Synth 8-7129] Port wadd[1] in module Weight_Memory is either unconnected or has no load
WARNING: [Synth 8-7129] Port wadd[0] in module Weight_Memory is either unconnected or has no load
WARNING: [Synth 8-7129] Port win[15] in module Weight_Memory is either unconnected or has no load
WARNING: [Synth 8-7129] Port win[14] in module Weight_Memory is either unconnected or has no load
WARNING: [Synth 8-7129] Port win[13] in module Weight_Memory is either unconnected or has no load
WARNING: [Synth 8-7129] Port win[12] in module Weight_Memory is either unconnected or has no load
WARNING: [Synth 8-7129] Port win[11] in module Weight_Memory is either unconnected or has no load
WARNING: [Synth 8-7129] Port win[10] in module Weight_Memory is either unconnected or has no load
WARNING: [Synth 8-7129] Port win[9] in module Weight_Memory is either unconnected or has no load
WARNING: [Synth 8-7129] Port win[8] in module Weight_Memory is either unconnected or has no load
WARNING: [Synth 8-7129] Port win[7] in module Weight_Memory is either unconnected or has no load
WARNING: [Synth 8-7129] Port win[6] in module Weight_Memory is either unconnected or has no load
WARNING: [Synth 8-7129] Port win[5] in module Weight_Memory is either unconnected or has no load
WARNING: [Synth 8-7129] Port win[4] in module Weight_Memory is either unconnected or has no load
WARNING: [Synth 8-7129] Port win[3] in module Weight_Memory is either unconnected or has no load
INFO: [Common 17-14] Message 'Synth 8-7129' appears 100 times and further instances of the messages will be disabled. Use the Tcl command set_msg_config to change the current settings.
---------------------------------------------------------------------------------
Finished Cross Boundary and Area Optimization : Time (s): cpu = 00:00:13 ; elapsed = 00:00:13 . Memory (MB): peak = 1254.309 ; gain = 0.000
---------------------------------------------------------------------------------
---------------------------------------------------------------------------------
Start ROM, RAM, DSP, Shift Register and Retiming Reporting
---------------------------------------------------------------------------------

DSP: Preliminary Mapping Report (see note below. The ' indicates corresponding REG is set)
+------------+-------------+--------+--------+--------+--------+--------+------+------+------+------+-------+------+------+
|Module Name | DSP Mapping | A Size | B Size | C Size | D Size | P Size | AREG | BREG | CREG | DREG | ADREG | MREG | PREG | 
+------------+-------------+--------+--------+--------+--------+--------+------+------+------+------+-------+------+------+
|neuron      | C+(A2*B)'   | 16     | 16     | 32     | -      | 32     | 1    | 0    | 0    | -    | -     | 1    | 0    | 
|neuron      | (A2*B)'     | 16     | 16     | -      | -      | 32     | 1    | 0    | -    | -    | -     | 1    | 0    | 
+------------+-------------+--------+--------+--------+--------+--------+------+------+------+------+-------+------+------+

Note: The table above is a preliminary report that shows the DSPs inferred at the current stage of the synthesis flow. Some DSP may be reimplemented as non DSP primitives later in the synthesis flow. Multiple instantiated DSPs are reported only once.
---------------------------------------------------------------------------------
Finished ROM, RAM, DSP, Shift Register and Retiming Reporting
---------------------------------------------------------------------------------
---------------------------------------------------------------------------------
Start Applying XDC Timing Constraints
---------------------------------------------------------------------------------
---------------------------------------------------------------------------------
Finished Applying XDC Timing Constraints : Time (s): cpu = 00:00:19 ; elapsed = 00:00:20 . Memory (MB): peak = 1257.477 ; gain = 3.168
---------------------------------------------------------------------------------
---------------------------------------------------------------------------------
Start Timing Optimization
---------------------------------------------------------------------------------
---------------------------------------------------------------------------------
Finished Timing Optimization : Time (s): cpu = 00:00:20 ; elapsed = 00:00:20 . Memory (MB): peak = 1281.387 ; gain = 27.078
---------------------------------------------------------------------------------
---------------------------------------------------------------------------------
Start Technology Mapping
---------------------------------------------------------------------------------
---------------------------------------------------------------------------------
Finished Technology Mapping : Time (s): cpu = 00:00:20 ; elapsed = 00:00:20 . Memory (MB): peak = 1282.234 ; gain = 27.926
---------------------------------------------------------------------------------
---------------------------------------------------------------------------------
Start IO Insertion
---------------------------------------------------------------------------------
---------------------------------------------------------------------------------
Start Flattening Before IO Insertion
---------------------------------------------------------------------------------
---------------------------------------------------------------------------------
Finished Flattening Before IO Insertion
---------------------------------------------------------------------------------
---------------------------------------------------------------------------------
Start Final Netlist Cleanup
---------------------------------------------------------------------------------
---------------------------------------------------------------------------------
Finished Final Netlist Cleanup
---------------------------------------------------------------------------------
---------------------------------------------------------------------------------
Finished IO Insertion : Time (s): cpu = 00:00:23 ; elapsed = 00:00:23 . Memory (MB): peak = 1289.004 ; gain = 34.695
---------------------------------------------------------------------------------
---------------------------------------------------------------------------------
Start Renaming Generated Instances
---------------------------------------------------------------------------------
---------------------------------------------------------------------------------
Finished Renaming Generated Instances : Time (s): cpu = 00:00:23 ; elapsed = 00:00:23 . Memory (MB): peak = 1289.004 ; gain = 34.695
---------------------------------------------------------------------------------
---------------------------------------------------------------------------------
Start Rebuilding User Hierarchy
---------------------------------------------------------------------------------
---------------------------------------------------------------------------------
Finished Rebuilding User Hierarchy : Time (s): cpu = 00:00:23 ; elapsed = 00:00:23 . Memory (MB): peak = 1289.004 ; gain = 34.695
---------------------------------------------------------------------------------
---------------------------------------------------------------------------------
Start Renaming Generated Ports
---------------------------------------------------------------------------------
---------------------------------------------------------------------------------
Finished Renaming Generated Ports : Time (s): cpu = 00:00:23 ; elapsed = 00:00:23 . Memory (MB): peak = 1289.004 ; gain = 34.695
---------------------------------------------------------------------------------
---------------------------------------------------------------------------------
Start Handling Custom Attributes
---------------------------------------------------------------------------------
---------------------------------------------------------------------------------
Finished Handling Custom Attributes : Time (s): cpu = 00:00:23 ; elapsed = 00:00:23 . Memory (MB): peak = 1289.004 ; gain = 34.695
---------------------------------------------------------------------------------
---------------------------------------------------------------------------------
Start Renaming Generated Nets
---------------------------------------------------------------------------------
---------------------------------------------------------------------------------
Finished Renaming Generated Nets : Time (s): cpu = 00:00:23 ; elapsed = 00:00:23 . Memory (MB): peak = 1289.004 ; gain = 34.695
---------------------------------------------------------------------------------
---------------------------------------------------------------------------------
Start Writing Synthesis Report
---------------------------------------------------------------------------------

Report BlackBoxes: 
+-+--------------+----------+
| |BlackBox name |Instances |
+-+--------------+----------+
+-+--------------+----------+

Report Cell Usage: 
+------+--------+------+
|      |Cell    |Count |
+------+--------+------+
|1     |BUFG    |     1|
|2     |DSP48E1 |     2|
|4     |LUT1    |     1|
|5     |LUT2    |    19|
|6     |LUT4    |     6|
|7     |LUT5    |     4|
|8     |LUT6    |    38|
|9     |FDRE    |    49|
|10    |FDSE    |    15|
|11    |IBUF    |    19|
|12    |OBUF    |    17|
+------+--------+------+
---------------------------------------------------------------------------------
Finished Writing Synthesis Report : Time (s): cpu = 00:00:23 ; elapsed = 00:00:23 . Memory (MB): peak = 1289.004 ; gain = 34.695
---------------------------------------------------------------------------------
Synthesis finished with 0 errors, 0 critical warnings and 77 warnings.
Synthesis Optimization Runtime : Time (s): cpu = 00:00:17 ; elapsed = 00:00:22 . Memory (MB): peak = 1289.004 ; gain = 34.695
Synthesis Optimization Complete : Time (s): cpu = 00:00:23 ; elapsed = 00:00:23 . Memory (MB): peak = 1289.004 ; gain = 34.695
INFO: [Project 1-571] Translating synthesized netlist
Netlist sorting complete. Time (s): cpu = 00:00:00 ; elapsed = 00:00:00.003 . Memory (MB): peak = 1301.094 ; gain = 0.000
INFO: [Netlist 29-17] Analyzing 2 Unisim elements for replacement
INFO: [Netlist 29-28] Unisim Transformation completed in 0 CPU seconds
INFO: [Project 1-570] Preparing netlist for logic optimization
INFO: [Opt 31-138] Pushed 0 inverter(s) to 0 load pin(s).
Netlist sorting complete. Time (s): cpu = 00:00:00 ; elapsed = 00:00:00 . Memory (MB): peak = 1307.773 ; gain = 0.000
INFO: [Project 1-111] Unisim Transformation Summary:
No Unisim elements were transformed.

Synth Design complete, checksum: c15b2f24
INFO: [Common 17-83] Releasing license: Synthesis
26 Infos, 209 Warnings, 0 Critical Warnings and 0 Errors encountered.
synth_design completed successfully
synth_design: Time (s): cpu = 00:00:26 ; elapsed = 00:00:27 . Memory (MB): peak = 1307.773 ; gain = 53.465
INFO: [Common 17-1381] The checkpoint 'E:/MTP2/neuron/neuron.runs/synth_1/neuron.dcp' has been generated.
INFO: [runtcl-4] Executing : report_utilization -file neuron_utilization_synth.rpt -pb neuron_utilization_synth.pb
INFO: [Common 17-206] Exiting Vivado at Sun Apr 24 17:18:48 2022...
